[02-02-2025-22:35:58] [DB-SUCCESS] Dados gravados com sucesso!
[02-02-2025-22:35:58] [ERROR-CRITICAL] Code: 400 | Error: Bad Request | Detail Error: invalid value of mac-address, mac address required
[02-02-2025-22:36:58] [DB-SUCCESS] Dados gravados com sucesso!
[02-02-2025-22:36:59] [ERROR-CRITICAL] Code: 400 | Error: Bad Request | Detail Error: invalid value of mac-address, mac address required
[02-02-2025-22:39:12] [DB-SUCCESS] Dados gravados com sucesso!
[02-02-2025-22:39:13] [ERROR-CRITICAL] Code: 400 | Error: Bad Request | Detail Error: invalid value of mac-address, mac address required
[02-02-2025-22:39:42] [DB-SUCCESS] Dados gravados com sucesso!
[02-02-2025-22:39:43] [ERROR-CRITICAL] Code: 400 | Error: Bad Request | Detail Error: invalid value of mac-address, mac address required
[02-02-2025-22:40:41] [DB-SUCCESS] Dados gravados com sucesso!
[02-02-2025-22:40:42] [ERROR-CRITICAL] Code: 400 | Error: Bad Request | Detail Error: invalid value of mac-address, mac address required
[02-02-2025-22:41:37] [DB-SUCCESS] Dados gravados com sucesso!
[02-02-2025-22:41:37] [ERROR-CRITICAL] Code: 400 | Error: Bad Request | Detail Error: invalid value of mac-address, mac address required
[03-02-2025-11:43:55] [DB-SUCCESS] Dados gravados com sucesso!
[03-02-2025-11:43:55] [ERROR-CRITICAL] Code: 400 | Error: Bad Request | Detail Error: invalid value of mac-address, mac address required
[03-02-2025-11:44:38] [DB-SUCCESS] Dados gravados com sucesso!
[03-02-2025-11:44:39] [ERROR-CRITICAL] Code: 400 | Error: Bad Request | Detail Error: invalid value of mac-address, mac address required
[03-02-2025-11:46:31] [DB-SUCCESS] Dados gravados com sucesso!
[03-02-2025-11:46:31] [ERROR-CRITICAL] Code: 400 | Error: Bad Request | Detail Error: invalid value of mac-address, mac address required
[03-02-2025-11:51:46] [DB-SUCCESS] Dados gravados com sucesso!
[03-02-2025-11:51:47] [ERROR-CRITICAL] Code: 400 | Error: Bad Request | Detail Error: invalid value of mac-address, mac address required
[03-02-2025-13:09:20] [DB-SUCCESS] Dados gravados com sucesso!
[03-02-2025-13:09:20] [ERROR-CRITICAL] Code: 400 | Error: Bad Request | Detail Error: missing =name=
[03-02-2025-13:09:54] [DB-SUCCESS] Dados gravados com sucesso!
[03-02-2025-13:09:54] [ERROR-CRITICAL] Code: 400 | Error: Bad Request | Detail Error: missing =name=
[03-02-2025-13:46:50] [DB-SUCCESS] Dados gravados com sucesso!
[03-02-2025-13:46:51] [ERROR-CRITICAL] Code: 400 | Error: Bad Request | Detail Error: missing =name=
[03-02-2025-13:51:17] [DB-SUCCESS] Dados gravados com sucesso!
[03-02-2025-13:51:18] [ERROR-CRITICAL] Code: 400 | Error: Bad Request | Detail Error: missing =name=
[03-02-2025-14:24:06] [DB-SUCCESS] Dados gravados com sucesso!
[03-02-2025-14:24:06] [ERROR-CRITICAL] Code: 400 | Error: Bad Request | Detail Error: missing =name=
[03-02-2025-14:31:11] [SGP-SUCCESS] Client contract is valid
[03-02-2025-14:31:11] [DB-SUCCESS] Dados gravados com sucesso!
[03-02-2025-14:31:12] [ERROR-CRITICAL] Code: 400 | Error: Bad Request | Detail Error: missing =name=
[03-02-2025-14:35:36] [SGP-SUCCESS] Client contract is valid
[03-02-2025-14:35:36] [DB-SUCCESS] Dados gravados com sucesso!
[03-02-2025-14:35:37] [ERROR-CRITICAL] Code: 400 | Error: Bad Request | Detail Error: missing =name=
[03-02-2025-14:36:16] [SGP-SUCCESS] ------ Client contract is valid
[03-02-2025-14:36:16] [DB-SUCCESS] Dados gravados com sucesso!
[03-02-2025-14:36:17] [ERROR-CRITICAL] Code: 400 | Error: Bad Request | Detail Error: missing =name=
[03-02-2025-14:36:49] [SGP-SUCCESS] Status: Client contract is valid
[03-02-2025-14:36:49] [DB-SUCCESS] Dados gravados com sucesso!
[03-02-2025-14:36:50] [ERROR-CRITICAL] Code: 400 | Error: Bad Request | Detail Error: missing =name=
[03-02-2025-16:27:45] [DB-SUCCESS] Dados gravados com sucesso!
[03-02-2025-16:27:45] [ERROR-CRITICAL] Code: 400 | Error: Bad Request | Detail Error: missing =name=
[03-02-2025-16:29:55] [DB-SUCCESS] Dados gravados com sucesso!
[03-02-2025-16:29:56] [ERROR-CRITICAL] Code: 400 | Error: Bad Request | Detail Error: missing =name=
[03-02-2025-16:30:56] [DB-SUCCESS] Dados gravados com sucesso!
[03-02-2025-16:31:37] [DB-SUCCESS] Dados gravados com sucesso!
[03-02-2025-16:31:38] [ERROR-CRITICAL] Code: 400 | Error: Bad Request | Detail Error: failure: already have user with this name for this server
[03-02-2025-16:31:56] [DB-SUCCESS] Dados gravados com sucesso!
[03-02-2025-16:31:57] [ERROR-CRITICAL] Code: 400 | Error: Bad Request | Detail Error: failure: already have user with this name for this server
[03-02-2025-16:33:12] [DB-SUCCESS] Dados gravados com sucesso!
[03-02-2025-16:38:05] [DB-SUCCESS] Dados gravados com sucesso!
[03-02-2025-16:40:46] [DB-SUCCESS] Dados gravados com sucesso!
